This is pdfTeX, Version 3.14159265-2.6-1.40.16 (TeX Live 2015/Debian) (preloaded format=pdflatex 2017.10.26)  2 DEC 2017 05:18
entering extended mode
 restricted \write18 enabled.
 %&-line parsing enabled.
**Fig_introduction.tex
(./Fig_introduction.tex
LaTeX2e <2016/02/01>
Babel <3.9q> and hyphenation patterns for 81 language(s) loaded.
(/usr/share/texlive/texmf-dist/tex/latex/standalone/standalone.cls
Document Class: standalone 2015/07/15 v1.2 Class to compile TeX sub-files stand
alone
(/usr/share/texlive/texmf-dist/tex/generic/oberdiek/ifluatex.sty
Package: ifluatex 2010/03/01 v1.3 Provides the ifluatex switch (HO)
Package ifluatex Info: LuaTeX not detected.
)
(/usr/share/texlive/texmf-dist/tex/generic/oberdiek/ifpdf.sty
Package: ifpdf 2011/01/30 v2.3 Provides the ifpdf switch (HO)
Package ifpdf Info: pdfTeX in PDF mode is detected.
)
(/usr/share/texlive/texmf-dist/tex/generic/ifxetex/ifxetex.sty
Package: ifxetex 2010/09/12 v0.6 Provides ifxetex conditional
)
(/usr/share/texlive/texmf-dist/tex/latex/xkeyval/xkeyval.sty
Package: xkeyval 2014/12/03 v2.7a package option processing (HA)

(/usr/share/texlive/texmf-dist/tex/generic/xkeyval/xkeyval.tex
(/usr/share/texlive/texmf-dist/tex/generic/xkeyval/xkvutils.tex
\XKV@toks=\toks14
\XKV@tempa@toks=\toks15

(/usr/share/texlive/texmf-dist/tex/generic/xkeyval/keyval.tex))
\XKV@depth=\count79
File: xkeyval.tex 2014/12/03 v2.7a key=value parser (HA)
))
\sa@internal=\count80
\c@sapage=\count81

(/usr/share/texlive/texmf-dist/tex/latex/standalone/standalone.cfg
File: standalone.cfg 2015/07/15 v1.2 Default configuration file for 'standalone
' class
)
(/usr/share/texlive/texmf-dist/tex/latex/base/article.cls
Document Class: article 2014/09/29 v1.4h Standard LaTeX document class
(/usr/share/texlive/texmf-dist/tex/latex/base/size10.clo
File: size10.clo 2014/09/29 v1.4h Standard LaTeX file (size option)
)
\c@part=\count82
\c@section=\count83
\c@subsection=\count84
\c@subsubsection=\count85
\c@paragraph=\count86
\c@subparagraph=\count87
\c@figure=\count88
\c@table=\count89
\abovecaptionskip=\skip41
\belowcaptionskip=\skip42
\bibindent=\dimen102
)
\sa@box=\box26
)
(/usr/share/texlive/texmf-dist/tex/latex/oberdiek/picture.sty
Package: picture 2009/10/11 v1.3 Dimens for picture macros (HO)
Package picture Info: Calculation method: etex.
)
(/usr/share/texlive/texmf-dist/tex/latex/graphics/color.sty
Package: color 2016/01/03 v1.1b Standard LaTeX Color (DPC)

(/usr/share/texlive/texmf-dist/tex/latex/latexconfig/color.cfg
File: color.cfg 2007/01/18 v1.5 color configuration of teTeX/TeXLive
)
Package color Info: Driver file: pdftex.def on input line 143.

(/usr/share/texlive/texmf-dist/tex/latex/pdftex-def/pdftex.def
File: pdftex.def 2011/05/27 v0.06d Graphics/color for pdfTeX

(/usr/share/texlive/texmf-dist/tex/generic/oberdiek/infwarerr.sty
Package: infwarerr 2010/04/08 v1.3 Providing info/warning/error messages (HO)
)
(/usr/share/texlive/texmf-dist/tex/generic/oberdiek/ltxcmds.sty
Package: ltxcmds 2011/11/09 v1.22 LaTeX kernel commands for general use (HO)
)
\Gread@gobject=\count90
))
(/usr/share/texlive/texmf-dist/tex/latex/graphics/graphicx.sty
Package: graphicx 2014/10/28 v1.0g Enhanced LaTeX Graphics (DPC,SPQR)

(/usr/share/texlive/texmf-dist/tex/latex/graphics/graphics.sty
Package: graphics 2016/01/03 v1.0q Standard LaTeX Graphics (DPC,SPQR)

(/usr/share/texlive/texmf-dist/tex/latex/graphics/trig.sty
Package: trig 2016/01/03 v1.10 sin cos tan (DPC)
)
(/usr/share/texlive/texmf-dist/tex/latex/latexconfig/graphics.cfg
File: graphics.cfg 2010/04/23 v1.9 graphics configuration of TeX Live
)
Package graphics Info: Driver file: pdftex.def on input line 95.
)
\Gin@req@height=\dimen103
\Gin@req@width=\dimen104
)
(/usr/share/texlive/texmf-dist/tex/latex/psnfss/helvet.sty
Package: helvet 2005/04/12 PSNFSS-v9.2a (WaS) 
)
(./Fig_introduction.aux)
\openout1 = `Fig_introduction.aux'.

LaTeX Font Info:    Checking defaults for OML/cmm/m/it on input line 8.
LaTeX Font Info:    ... okay on input line 8.
LaTeX Font Info:    Checking defaults for T1/cmr/m/n on input line 8.
LaTeX Font Info:    ... okay on input line 8.
LaTeX Font Info:    Checking defaults for OT1/cmr/m/n on input line 8.
LaTeX Font Info:    ... okay on input line 8.
LaTeX Font Info:    Checking defaults for OMS/cmsy/m/n on input line 8.
LaTeX Font Info:    ... okay on input line 8.
LaTeX Font Info:    Checking defaults for OMX/cmex/m/n on input line 8.
LaTeX Font Info:    ... okay on input line 8.
LaTeX Font Info:    Checking defaults for U/cmr/m/n on input line 8.
LaTeX Font Info:    ... okay on input line 8.
LaTeX Font Info:    Try loading font information for OT1+phv on input line 8.

(/usr/share/texlive/texmf-dist/tex/latex/psnfss/ot1phv.fd
File: ot1phv.fd 2001/06/04 scalable font definitions for OT1/phv.
)
(/usr/share/texlive/texmf-dist/tex/context/base/supp-pdf.mkii
[Loading MPS to PDF converter (version 2006.09.02).]
\scratchcounter=\count91
\scratchdimen=\dimen105
\scratchbox=\box27
\nofMPsegments=\count92
\nofMParguments=\count93
\everyMPshowfont=\toks16
\MPscratchCnt=\count94
\MPscratchDim=\dimen106
\MPnumerator=\count95
\makeMPintoPDFobject=\count96
\everyMPtoPDFconversion=\toks17
) (/usr/share/texlive/texmf-dist/tex/generic/oberdiek/pdftexcmds.sty
Package: pdftexcmds 2011/11/29 v0.20 Utility functions of pdfTeX for LuaTeX (HO
)
Package pdftexcmds Info: LuaTeX not detected.
Package pdftexcmds Info: \pdf@primitive is available.
Package pdftexcmds Info: \pdf@ifprimitive is available.
Package pdftexcmds Info: \pdfdraftmode found.
)
(/usr/share/texlive/texmf-dist/tex/latex/oberdiek/epstopdf-base.sty
Package: epstopdf-base 2010/02/09 v2.5 Base part for package epstopdf

(/usr/share/texlive/texmf-dist/tex/latex/oberdiek/grfext.sty
Package: grfext 2010/08/19 v1.1 Manage graphics extensions (HO)

(/usr/share/texlive/texmf-dist/tex/generic/oberdiek/kvdefinekeys.sty
Package: kvdefinekeys 2011/04/07 v1.3 Define keys (HO)
))
(/usr/share/texlive/texmf-dist/tex/latex/oberdiek/kvoptions.sty
Package: kvoptions 2011/06/30 v3.11 Key value format for package options (HO)

(/usr/share/texlive/texmf-dist/tex/generic/oberdiek/kvsetkeys.sty
Package: kvsetkeys 2012/04/25 v1.16 Key value parser (HO)

(/usr/share/texlive/texmf-dist/tex/generic/oberdiek/etexcmds.sty
Package: etexcmds 2011/02/16 v1.5 Avoid name clashes with e-TeX commands (HO)
Package etexcmds Info: Could not find \expanded.
(etexcmds)             That can mean that you are not using pdfTeX 1.50 or
(etexcmds)             that some package has redefined \expanded.
(etexcmds)             In the latter case, load this package earlier.
)))
Package grfext Info: Graphics extension search list:
(grfext)             [.png,.pdf,.jpg,.mps,.jpeg,.jbig2,.jb2,.PNG,.PDF,.JPG,.JPE
G,.JBIG2,.JB2,.eps]
(grfext)             \AppendGraphicsExtensions on input line 452.

(/usr/share/texlive/texmf-dist/tex/latex/latexconfig/epstopdf-sys.cfg
File: epstopdf-sys.cfg 2010/07/13 v1.3 Configuration of (r)epstopdf for TeX Liv
e
))
<Fig_INTRO_subfigs/example_frame.pdf, id=1, 433.62pt x 361.35pt>
File: Fig_INTRO_subfigs/example_frame.pdf Graphic file (type pdf)

<use Fig_INTRO_subfigs/example_frame.pdf>
Package pdftex.def Info: Fig_INTRO_subfigs/example_frame.pdf used on input line
 10.
(pdftex.def)             Requested size: 130.087pt x 108.405pt.
LaTeX Font Info:    Font shape `OT1/phv/bx/n' in size <12> not available
(Font)              Font shape `OT1/phv/b/n' tried instead on input line 11.

<Fig_INTRO_subfigs/correlation_image.pdf, id=2, 361.35pt x 289.08pt>
File: Fig_INTRO_subfigs/correlation_image.pdf Graphic file (type pdf)

<use Fig_INTRO_subfigs/correlation_image.pdf>
Package pdftex.def Info: Fig_INTRO_subfigs/correlation_image.pdf used on input 
line 14.
(pdftex.def)             Requested size: 140.92593pt x 112.74101pt.

<Fig_INTRO_subfigs/example_box_roi.pdf, id=3, 289.08pt x 289.08pt>
File: Fig_INTRO_subfigs/example_box_roi.pdf Graphic file (type pdf)

<use Fig_INTRO_subfigs/example_box_roi.pdf>
Package pdftex.def Info: Fig_INTRO_subfigs/example_box_roi.pdf used on input li
ne 19.
(pdftex.def)             Requested size: 102.6219pt x 102.62326pt.

<Fig_INTRO_subfigs/example_box_trace.pdf, id=4, 896.34875pt x 216.81pt>
File: Fig_INTRO_subfigs/example_box_trace.pdf Graphic file (type pdf)

<use Fig_INTRO_subfigs/example_box_trace.pdf>
Package pdftex.def Info: Fig_INTRO_subfigs/example_box_trace.pdf used on input 
line 23.
(pdftex.def)             Requested size: 451.16858pt x 109.12729pt.

<./Fig_BG_subfigs/example_frame.pdf, id=5, 361.35pt x 361.35pt>
File: ./Fig_BG_subfigs/example_frame.pdf Graphic file (type pdf)

<use ./Fig_BG_subfigs/example_frame.pdf>
Package pdftex.def Info: ./Fig_BG_subfigs/example_frame.pdf used on input line 
27.
(pdftex.def)             Requested size: 97.56493pt x 97.5658pt.

<./Fig_BG_subfigs/example_neurons.pdf, id=6, 361.35pt x 361.35pt>
File: ./Fig_BG_subfigs/example_neurons.pdf Graphic file (type pdf)

<use ./Fig_BG_subfigs/example_neurons.pdf>
Package pdftex.def Info: ./Fig_BG_subfigs/example_neurons.pdf used on input lin
e 31.
(pdftex.def)             Requested size: 97.56493pt x 97.5658pt.
LaTeX Font Info:    External font `cmex10' loaded for size
(Font)              <14.4> on input line 34.
LaTeX Font Info:    External font `cmex10' loaded for size
(Font)              <7> on input line 34.

<./Fig_BG_subfigs/example_localBG.pdf, id=7, 361.35pt x 361.35pt>
File: ./Fig_BG_subfigs/example_localBG.pdf Graphic file (type pdf)

<use ./Fig_BG_subfigs/example_localBG.pdf>
Package pdftex.def Info: ./Fig_BG_subfigs/example_localBG.pdf used on input lin
e 36.
(pdftex.def)             Requested size: 97.56493pt x 97.5658pt.

<./Fig_BG_subfigs/example_bloodVessel.pdf, id=8, 361.35pt x 361.35pt>
File: ./Fig_BG_subfigs/example_bloodVessel.pdf Graphic file (type pdf)

<use ./Fig_BG_subfigs/example_bloodVessel.pdf>
Package pdftex.def Info: ./Fig_BG_subfigs/example_bloodVessel.pdf used on input
 line 41.
(pdftex.def)             Requested size: 97.56493pt x 97.5658pt.

<./Fig_BG_subfigs/example_global.pdf, id=9, 361.35pt x 361.35pt>
File: ./Fig_BG_subfigs/example_global.pdf Graphic file (type pdf)

<use ./Fig_BG_subfigs/example_global.pdf>
Package pdftex.def Info: ./Fig_BG_subfigs/example_global.pdf used on input line
 46.
(pdftex.def)             Requested size: 97.56493pt x 97.5658pt.
 [1

{/var/lib/texmf/fonts/map/pdftex/updmap/pdftex.map} <./Fig_INTRO_subfigs/exampl
e_frame.pdf> <./Fig_INTRO_subfigs/correlation_image.pdf> <./Fig_INTRO_subfigs/e
xample_box_roi.pdf> <./Fig_INTRO_subfigs/example_box_trace.pdf> <./Fig_BG_subfi
gs/example_frame.pdf> <./Fig_BG_subfigs/example_neurons.pdf> <./Fig_BG_subfigs/
example_localBG.pdf> <./Fig_BG_subfigs/example_bloodVessel.pdf> <./Fig_BG_subfi
gs/example_global.pdf>]
(./Fig_introduction.aux) ) 
Here is how much of TeX's memory you used:
 2101 strings out of 493029
 32769 string characters out of 6136233
 90398 words of memory out of 5000000
 5611 multiletter control sequences out of 15000+600000
 9158 words of font info for 23 fonts, out of 8000000 for 9000
 1141 hyphenation exceptions out of 8191
 37i,7n,56p,242b,223s stack positions out of 5000i,500n,10000p,200000b,80000s
{/usr/share/texlive/texmf-dist/fonts/enc/dvips/base/8
r.enc}</usr/share/texlive/texmf-dist/fonts/type1/public/amsfonts/cm/cmr12.pfb><
/usr/share/texlive/texmf-dist/fonts/type1/urw/helvetic/uhvb8a.pfb></usr/share/t
exlive/texmf-dist/fonts/type1/urw/helvetic/uhvr8a.pfb>
Output written on Fig_introduction.pdf (1 page, 731567 bytes).
PDF statistics:
 364 PDF objects out of 1000 (max. 8388607)
 333 compressed objects within 4 object streams
 0 named destinations out of 1000 (max. 500000)
 46 words of extra memory for PDF output out of 10000 (max. 10000000)

